2024-10-17 17:50:12,865 - 8th_June_CoverFox -INFO - Opening application
2024-10-17 17:50:13,972 - 8th_June_CoverFox -INFO - Clicking on gender button
2024-10-17 17:50:15,067 - 8th_June_CoverFox -INFO - Clicking on Next button
2024-10-17 17:50:18,375 - 8th_June_CoverFox -INFO - Selecting age
2024-10-17 17:50:18,502 - 8th_June_CoverFox -INFO - Clicking on next button
2024-10-17 17:50:19,736 - 8th_June_CoverFox -INFO - Entering Pincode
2024-10-17 17:50:19,874 - 8th_June_CoverFox -INFO - Entering mobile number
2024-10-17 17:50:20,008 - 8th_June_CoverFox -INFO - Clicking on Continue button
2024-10-17 20:32:37,463 - 8th_June_CoverFox -INFO - Opening application
2024-10-17 20:32:39,193 - 8th_June_CoverFox -INFO - Clicking on gender button
2024-10-17 20:32:40,341 - 8th_June_CoverFox -INFO - Clicking on Next button
2024-10-17 20:32:43,500 - 8th_June_CoverFox -INFO - Selecting age
2024-10-17 20:32:43,703 - 8th_June_CoverFox -INFO - Clicking on next button
2024-10-17 20:32:45,038 - 8th_June_CoverFox -INFO - Entering Pincode
2024-10-17 20:32:45,279 - 8th_June_CoverFox -INFO - Entering mobile number
2024-10-17 20:32:45,486 - 8th_June_CoverFox -INFO - Clicking on Continue button
2024-10-17 20:34:37,089 - 8th_June_CoverFox -INFO - Opening application
2024-10-17 20:34:41,980 - 8th_June_CoverFox -INFO - Clicking on gender button
2024-10-17 20:34:43,282 - 8th_June_CoverFox -INFO - Clicking on Next button
2024-10-17 20:34:45,505 - 8th_June_CoverFox -INFO - Selecting age
2024-10-17 20:34:45,628 - 8th_June_CoverFox -INFO - Clicking on next button
2024-10-17 20:34:47,023 - 8th_June_CoverFox -INFO - Entering Pincode
2024-10-17 20:34:47,379 - 8th_June_CoverFox -INFO - Entering mobile number
2024-10-17 20:34:47,817 - 8th_June_CoverFox -INFO - Clicking on Continue button
2024-10-21 13:24:32,263 - 8th_June_CoverFox -INFO - Opening application
2024-10-21 13:24:33,442 - 8th_June_CoverFox -INFO - Clicking on gender button
2024-10-21 13:24:34,559 - 8th_June_CoverFox -INFO - Clicking on Next button
2024-10-21 13:24:36,539 - 8th_June_CoverFox -INFO - Selecting age
2024-10-21 13:24:36,649 - 8th_June_CoverFox -INFO - Clicking on next button
2024-10-21 13:24:37,802 - 8th_June_CoverFox -INFO - Entering Pincode
2024-10-21 13:24:37,914 - 8th_June_CoverFox -INFO - Entering mobile number
2024-10-21 13:24:38,009 - 8th_June_CoverFox -INFO - Clicking on Continue button
2024-10-21 13:25:14,410 - 8th_June_CoverFox -INFO - Opening application
2024-10-21 13:25:15,387 - 8th_June_CoverFox -INFO - Clicking on gender button
2024-10-21 13:25:16,509 - 8th_June_CoverFox -INFO - Clicking on Next button
2024-10-21 13:25:19,063 - 8th_June_CoverFox -INFO - Selecting age
2024-10-21 13:25:19,204 - 8th_June_CoverFox -INFO - Clicking on next button
2024-10-21 13:25:20,389 - 8th_June_CoverFox -INFO - Entering Pincode
2024-10-21 13:25:20,529 - 8th_June_CoverFox -INFO - Entering mobile number
2024-10-21 13:25:20,620 - 8th_June_CoverFox -INFO - Clicking on Continue button
2024-11-06 17:12:34,497 - 8th_June_CoverFox -INFO - Opening application
2024-11-06 17:12:35,199 - 8th_June_CoverFox -INFO - Clicking on gender button
2024-11-06 17:12:36,525 - 8th_June_CoverFox -INFO - Clicking on Next button
2024-11-06 17:12:39,279 - 8th_June_CoverFox -INFO - Selecting age
2024-11-06 17:12:39,392 - 8th_June_CoverFox -INFO - Clicking on next button
2024-11-06 17:12:40,808 - 8th_June_CoverFox -INFO - Entering Pincode
2024-11-06 17:12:40,938 - 8th_June_CoverFox -INFO - Entering mobile number
2024-11-06 17:12:41,055 - 8th_June_CoverFox -INFO - Clicking on Continue button
2024-11-12 15:52:11,097 - 8th_June_CoverFox -INFO - Opening application
2024-11-12 15:52:12,150 - 8th_June_CoverFox -INFO - Clicking on gender button
2024-11-12 15:52:13,279 - 8th_June_CoverFox -INFO - Clicking on Next button
2024-11-12 15:52:16,536 - 8th_June_CoverFox -INFO - Selecting age
2024-11-12 15:52:16,637 - 8th_June_CoverFox -INFO - Clicking on next button
2024-11-12 15:52:17,959 - 8th_June_CoverFox -INFO - Entering Pincode
2024-11-12 15:52:18,110 - 8th_June_CoverFox -INFO - Entering mobile number
2024-11-12 15:52:18,222 - 8th_June_CoverFox -INFO - Clicking on Continue button
2024-11-13 10:17:53,927 - 8th_June_CoverFox -INFO - Opening application
2024-11-13 10:17:55,078 - 8th_June_CoverFox -INFO - Clicking on gender button
2024-11-13 10:17:56,182 - 8th_June_CoverFox -INFO - Clicking on Next button
2024-11-13 10:17:58,877 - 8th_June_CoverFox -INFO - Selecting age
2024-11-13 10:17:59,004 - 8th_June_CoverFox -INFO - Clicking on next button
2024-11-13 10:18:00,227 - 8th_June_CoverFox -INFO - Entering Pincode
2024-11-13 10:18:00,337 - 8th_June_CoverFox -INFO - Entering mobile number
2024-11-13 10:18:00,436 - 8th_June_CoverFox -INFO - Clicking on Continue button
2024-11-14 09:08:28,604 - 8th_June_CoverFox -INFO - Opening application
2024-11-14 09:08:30,449 - 8th_June_CoverFox -INFO - Clicking on gender button
2024-11-14 09:08:31,549 - 8th_June_CoverFox -INFO - Clicking on Next button
2024-11-14 09:08:34,149 - 8th_June_CoverFox -INFO - Selecting age
2024-11-14 09:08:34,285 - 8th_June_CoverFox -INFO - Clicking on next button
2024-11-14 17:47:03,159 - 8th_June_CoverFox -INFO - Opening application
2024-11-14 17:47:04,321 - 8th_June_CoverFox -INFO - Clicking on gender button
2024-11-14 17:47:05,424 - 8th_June_CoverFox -INFO - Clicking on Next button
2024-11-14 17:47:07,727 - 8th_June_CoverFox -INFO - Selecting age
2024-11-14 17:47:07,848 - 8th_June_CoverFox -INFO - Clicking on next button
2024-11-14 17:56:36,173 - 8th_June_CoverFox -INFO - Opening application
2024-11-14 17:56:40,884 - 8th_June_CoverFox -INFO - Clicking on gender button
2024-11-14 17:56:42,372 - 8th_June_CoverFox -INFO - Clicking on Next button
2024-11-14 17:56:44,242 - 8th_June_CoverFox -INFO - Selecting age
2024-11-14 17:56:44,323 - 8th_June_CoverFox -INFO - Clicking on next button
2024-11-14 17:56:45,491 - 8th_June_CoverFox -INFO - Entering Pincode
2024-11-14 17:56:45,613 - 8th_June_CoverFox -INFO - Entering mobile number
2024-11-14 17:56:45,757 - 8th_June_CoverFox -INFO - Clicking on Continue button
2024-11-19 09:53:37,621 - 8th_June_CoverFox -INFO - Opening application
2024-11-19 09:53:38,725 - 8th_June_CoverFox -INFO - Clicking on gender button
2024-11-19 09:53:39,848 - 8th_June_CoverFox -INFO - Clicking on Next button
2024-11-19 09:53:42,355 - 8th_June_CoverFox -INFO - Selecting age
2024-11-19 09:53:42,440 - 8th_June_CoverFox -INFO - Clicking on next button
2024-11-19 09:53:43,565 - 8th_June_CoverFox -INFO - Entering Pincode
2024-11-19 09:53:43,709 - 8th_June_CoverFox -INFO - Entering mobile number
2024-11-19 09:53:43,828 - 8th_June_CoverFox -INFO - Clicking on Continue button
2024-11-21 17:01:52,996 - 8th_June_CoverFox -INFO - Opening application
2024-11-21 17:01:56,837 - 8th_June_CoverFox -INFO - Clicking on gender button
2024-11-21 17:01:58,190 - 8th_June_CoverFox -INFO - Clicking on Next button
2024-11-21 17:02:00,706 - 8th_June_CoverFox -INFO - Selecting age
2024-11-21 17:02:00,854 - 8th_June_CoverFox -INFO - Clicking on next button
2024-11-21 17:02:02,067 - 8th_June_CoverFox -INFO - Entering Pincode
2024-11-21 17:02:02,269 - 8th_June_CoverFox -INFO - Entering mobile number
2024-11-21 17:02:02,535 - 8th_June_CoverFox -INFO - Clicking on Continue button
2024-11-22 09:30:53,181 - 8th_June_CoverFox -INFO - Opening application
2024-11-22 09:30:53,176 - 8th_June_CoverFox -INFO - Opening application
2024-11-22 09:30:54,906 - 8th_June_CoverFox -INFO - Clicking on gender button
2024-11-22 09:30:56,371 - 8th_June_CoverFox -INFO - Clicking on Next button
2024-11-22 09:31:02,238 - 8th_June_CoverFox -INFO - Selecting age
2024-11-22 09:31:02,453 - 8th_June_CoverFox -INFO - Clicking on next button
2024-11-22 09:31:04,206 - 8th_June_CoverFox -INFO - Entering Pincode
2024-11-22 09:31:04,561 - 8th_June_CoverFox -INFO - Entering mobile number
2024-11-22 09:31:04,996 - 8th_June_CoverFox -INFO - Clicking on Continue button
2024-11-22 09:31:47,191 - 8th_June_CoverFox -INFO - Opening application
2024-11-22 09:31:49,826 - 8th_June_CoverFox -INFO - Clicking on gender button
2024-11-22 09:31:51,526 - 8th_June_CoverFox -INFO - Clicking on Next button
2024-11-22 09:31:52,800 - 8th_June_CoverFox -INFO - Opening application
2024-11-22 09:31:55,256 - 8th_June_CoverFox -INFO - Clicking on gender button
2024-11-22 09:31:57,011 - 8th_June_CoverFox -INFO - Clicking on Next button
2024-11-22 09:31:58,046 - 8th_June_CoverFox -INFO - Selecting age
2024-11-22 09:31:58,225 - 8th_June_CoverFox -INFO - Clicking on next button
2024-11-22 09:32:00,641 - 8th_June_CoverFox -INFO - Entering Pincode
2024-11-22 09:32:00,817 - 8th_June_CoverFox -INFO - Entering mobile number
2024-11-22 09:32:00,986 - 8th_June_CoverFox -INFO - Clicking on Continue button
2024-11-22 09:32:02,099 - 8th_June_CoverFox -INFO - Selecting age
2024-11-22 09:32:02,330 - 8th_June_CoverFox -INFO - Clicking on next button
2024-11-22 09:32:03,562 - 8th_June_CoverFox -INFO - Entering Pincode
2024-11-22 09:32:03,779 - 8th_June_CoverFox -INFO - Entering mobile number
2024-11-22 09:32:04,000 - 8th_June_CoverFox -INFO - Clicking on Continue button
2024-11-25 16:55:46,865 - 8th_June_CoverFox -INFO - Opening application
2024-11-25 16:55:48,018 - 8th_June_CoverFox -INFO - Clicking on gender button
2024-11-25 16:55:51,490 - 8th_June_CoverFox -INFO - Clicking on Next button
2024-11-25 16:55:53,997 - 8th_June_CoverFox -INFO - Selecting age
2024-11-25 16:55:54,156 - 8th_June_CoverFox -INFO - Clicking on next button
2024-11-25 16:55:55,338 - 8th_June_CoverFox -INFO - Entering Pincode
2024-11-25 16:55:55,488 - 8th_June_CoverFox -INFO - Entering mobile number
2024-11-25 16:55:55,669 - 8th_June_CoverFox -INFO - Clicking on Continue button
2024-11-25 17:08:08,041 - 8th_June_CoverFox -INFO - Opening application
2024-11-25 17:08:09,182 - 8th_June_CoverFox -INFO - Clicking on gender button
2024-11-25 17:08:10,799 - 8th_June_CoverFox -INFO - Clicking on Next button
2024-11-25 17:08:12,880 - 8th_June_CoverFox -INFO - Selecting age
2024-11-25 17:08:13,026 - 8th_June_CoverFox -INFO - Clicking on next button
2024-11-25 17:08:14,334 - 8th_June_CoverFox -INFO - Entering Pincode
2024-11-25 17:08:14,564 - 8th_June_CoverFox -INFO - Entering mobile number
2024-11-25 17:08:14,795 - 8th_June_CoverFox -INFO - Clicking on Continue button
2024-11-26 17:25:13,848 - 8th_June_CoverFox -INFO - Opening application
2024-11-26 17:25:14,948 - 8th_June_CoverFox -INFO - Clicking on gender button
2024-11-26 17:25:16,776 - 8th_June_CoverFox -INFO - Clicking on Next button
2024-11-26 17:25:19,992 - 8th_June_CoverFox -INFO - Selecting age
2024-11-26 17:25:20,272 - 8th_June_CoverFox -INFO - Clicking on next button
2024-11-26 17:25:21,735 - 8th_June_CoverFox -INFO - Entering Pincode
2024-11-26 17:25:21,919 - 8th_June_CoverFox -INFO - Entering mobile number
2024-11-26 17:25:22,109 - 8th_June_CoverFox -INFO - Clicking on Continue button
2024-12-09 16:14:19,245 - 8th_June_CoverFox -INFO - Opening application
2024-12-09 16:14:20,453 - 8th_June_CoverFox -INFO - Clicking on gender button
2024-12-09 16:14:22,420 - 8th_June_CoverFox -INFO - Clicking on Next button
2024-12-09 16:14:24,513 - 8th_June_CoverFox -INFO - Selecting age
2024-12-09 16:14:24,628 - 8th_June_CoverFox -INFO - Clicking on next button
2024-12-09 16:14:25,920 - 8th_June_CoverFox -INFO - Entering Pincode
2024-12-09 16:14:26,233 - 8th_June_CoverFox -INFO - Entering mobile number
2024-12-09 16:14:26,459 - 8th_June_CoverFox -INFO - Clicking on Continue button
2024-12-09 16:28:49,128 - 8th_June_CoverFox -INFO - Opening application
2024-12-09 16:28:51,417 - 8th_June_CoverFox -INFO - Clicking on gender button
2024-12-09 16:28:52,854 - 8th_June_CoverFox -INFO - Clicking on Next button
2024-12-09 16:28:54,924 - 8th_June_CoverFox -INFO - Selecting age
2024-12-09 16:28:55,041 - 8th_June_CoverFox -INFO - Clicking on next button
2024-12-09 16:28:56,241 - 8th_June_CoverFox -INFO - Entering Pincode
2024-12-09 16:28:56,488 - 8th_June_CoverFox -INFO - Entering mobile number
2024-12-09 16:28:56,671 - 8th_June_CoverFox -INFO - Clicking on Continue button
2025-01-24 21:54:54,019 - 8th_June_CoverFox -INFO - Opening application
2025-01-24 21:54:56,058 - 8th_June_CoverFox -INFO - Clicking on gender button
2025-01-24 21:54:57,517 - 8th_June_CoverFox -INFO - Clicking on Next button
2025-01-24 21:55:00,254 - 8th_June_CoverFox -INFO - Selecting age
2025-01-24 21:55:00,438 - 8th_June_CoverFox -INFO - Clicking on next button
2025-01-24 21:55:01,598 - 8th_June_CoverFox -INFO - Entering Pincode
2025-01-24 21:55:01,750 - 8th_June_CoverFox -INFO - Entering mobile number
2025-01-24 21:55:01,891 - 8th_June_CoverFox -INFO - Clicking on Continue button
2025-01-24 21:55:41,471 - 8th_June_CoverFox -INFO - Opening application
2025-01-24 21:55:46,277 - 8th_June_CoverFox -INFO - Clicking on gender button
2025-01-24 21:55:48,726 - 8th_June_CoverFox -INFO - Clicking on Next button
2025-01-24 21:55:50,868 - 8th_June_CoverFox -INFO - Selecting age
2025-01-24 21:55:51,034 - 8th_June_CoverFox -INFO - Clicking on next button
2025-01-24 21:55:52,348 - 8th_June_CoverFox -INFO - Entering Pincode
2025-01-24 21:55:52,557 - 8th_June_CoverFox -INFO - Entering mobile number
2025-01-24 21:55:52,726 - 8th_June_CoverFox -INFO - Clicking on Continue button
2025-01-24 22:46:16,262 - 8th_June_CoverFox -INFO - Opening application
2025-01-24 22:46:17,518 - 8th_June_CoverFox -INFO - Clicking on gender button
2025-01-24 22:46:18,653 - 8th_June_CoverFox -INFO - Clicking on Next button
2025-01-24 22:46:21,638 - 8th_June_CoverFox -INFO - Selecting age
2025-01-24 22:46:21,866 - 8th_June_CoverFox -INFO - Clicking on next button
2025-01-24 22:46:23,041 - 8th_June_CoverFox -INFO - Entering Pincode
2025-01-24 22:46:23,183 - 8th_June_CoverFox -INFO - Entering mobile number
2025-01-24 22:46:23,332 - 8th_June_CoverFox -INFO - Clicking on Continue button
2025-01-24 22:48:41,701 - 8th_June_CoverFox -INFO - Opening application
2025-01-24 22:48:43,379 - 8th_June_CoverFox -INFO - Clicking on gender button
2025-01-24 22:48:47,099 - 8th_June_CoverFox -INFO - Clicking on Next button
2025-01-24 22:48:49,457 - 8th_June_CoverFox -INFO - Selecting age
2025-01-24 22:48:49,605 - 8th_June_CoverFox -INFO - Clicking on next button
2025-01-24 22:48:51,215 - 8th_June_CoverFox -INFO - Entering Pincode
2025-01-24 22:48:51,532 - 8th_June_CoverFox -INFO - Entering mobile number
2025-01-24 22:48:51,938 - 8th_June_CoverFox -INFO - Clicking on Continue button
2025-01-27 13:20:10,329 - 8th_June_CoverFox -INFO - Opening application
2025-01-27 13:20:13,758 - 8th_June_CoverFox -INFO - Clicking on gender button
2025-01-27 13:20:16,324 - 8th_June_CoverFox -INFO - Clicking on Next button
2025-01-27 13:20:18,209 - 8th_June_CoverFox -INFO - Selecting age
2025-01-27 13:20:18,588 - 8th_June_CoverFox -INFO - Clicking on next button
2025-01-27 13:20:19,785 - 8th_June_CoverFox -INFO - Entering Pincode
2025-01-27 13:20:19,910 - 8th_June_CoverFox -INFO - Entering mobile number
2025-01-27 13:20:20,083 - 8th_June_CoverFox -INFO - Clicking on Continue button
2025-01-31 15:53:00,254 - 8th_June_CoverFox -INFO - Opening application
2025-01-31 15:53:06,629 - 8th_June_CoverFox -INFO - Clicking on gender button
2025-01-31 15:53:09,335 - 8th_June_CoverFox -INFO - Clicking on Next button
2025-01-31 15:53:11,919 - 8th_June_CoverFox -INFO - Selecting age
2025-01-31 15:53:12,114 - 8th_June_CoverFox -INFO - Clicking on next button
2025-01-31 15:53:13,454 - 8th_June_CoverFox -INFO - Entering Pincode
2025-01-31 15:53:13,613 - 8th_June_CoverFox -INFO - Entering mobile number
2025-01-31 15:53:13,900 - 8th_June_CoverFox -INFO - Clicking on Continue button
