2024-10-17 17:50:12,865 [main] INFO 8th_June_CoverFox - Opening application
2024-10-17 17:50:13,972 [main] INFO 8th_June_CoverFox - Clicking on gender button
2024-10-17 17:50:15,067 [main] INFO 8th_June_CoverFox - Clicking on Next button
2024-10-17 17:50:18,375 [main] INFO 8th_June_CoverFox - Selecting age
2024-10-17 17:50:18,502 [main] INFO 8th_June_CoverFox - Clicking on next button
2024-10-17 17:50:19,736 [main] INFO 8th_June_CoverFox - Entering Pincode
2024-10-17 17:50:19,874 [main] INFO 8th_June_CoverFox - Entering mobile number
2024-10-17 17:50:20,008 [main] INFO 8th_June_CoverFox - Clicking on Continue button
2024-10-17 20:32:37,463 [main] INFO 8th_June_CoverFox - Opening application
2024-10-17 20:32:39,193 [main] INFO 8th_June_CoverFox - Clicking on gender button
2024-10-17 20:32:40,341 [main] INFO 8th_June_CoverFox - Clicking on Next button
2024-10-17 20:32:43,500 [main] INFO 8th_June_CoverFox - Selecting age
2024-10-17 20:32:43,703 [main] INFO 8th_June_CoverFox - Clicking on next button
2024-10-17 20:32:45,038 [main] INFO 8th_June_CoverFox - Entering Pincode
2024-10-17 20:32:45,279 [main] INFO 8th_June_CoverFox - Entering mobile number
2024-10-17 20:32:45,486 [main] INFO 8th_June_CoverFox - Clicking on Continue button
2024-10-17 20:34:37,089 [main] INFO 8th_June_CoverFox - Opening application
2024-10-17 20:34:41,980 [main] INFO 8th_June_CoverFox - Clicking on gender button
2024-10-17 20:34:43,282 [main] INFO 8th_June_CoverFox - Clicking on Next button
2024-10-17 20:34:45,505 [main] INFO 8th_June_CoverFox - Selecting age
2024-10-17 20:34:45,628 [main] INFO 8th_June_CoverFox - Clicking on next button
2024-10-17 20:34:47,023 [main] INFO 8th_June_CoverFox - Entering Pincode
2024-10-17 20:34:47,379 [main] INFO 8th_June_CoverFox - Entering mobile number
2024-10-17 20:34:47,817 [main] INFO 8th_June_CoverFox - Clicking on Continue button
2024-10-21 13:24:32,263 [main] INFO 8th_June_CoverFox - Opening application
2024-10-21 13:24:33,442 [main] INFO 8th_June_CoverFox - Clicking on gender button
2024-10-21 13:24:34,559 [main] INFO 8th_June_CoverFox - Clicking on Next button
2024-10-21 13:24:36,539 [main] INFO 8th_June_CoverFox - Selecting age
2024-10-21 13:24:36,649 [main] INFO 8th_June_CoverFox - Clicking on next button
2024-10-21 13:24:37,802 [main] INFO 8th_June_CoverFox - Entering Pincode
2024-10-21 13:24:37,914 [main] INFO 8th_June_CoverFox - Entering mobile number
2024-10-21 13:24:38,009 [main] INFO 8th_June_CoverFox - Clicking on Continue button
2024-10-21 13:25:14,410 [main] INFO 8th_June_CoverFox - Opening application
2024-10-21 13:25:15,387 [main] INFO 8th_June_CoverFox - Clicking on gender button
2024-10-21 13:25:16,509 [main] INFO 8th_June_CoverFox - Clicking on Next button
2024-10-21 13:25:19,063 [main] INFO 8th_June_CoverFox - Selecting age
2024-10-21 13:25:19,204 [main] INFO 8th_June_CoverFox - Clicking on next button
2024-10-21 13:25:20,389 [main] INFO 8th_June_CoverFox - Entering Pincode
2024-10-21 13:25:20,529 [main] INFO 8th_June_CoverFox - Entering mobile number
2024-10-21 13:25:20,620 [main] INFO 8th_June_CoverFox - Clicking on Continue button
2024-11-06 17:12:34,497 [main] INFO 8th_June_CoverFox - Opening application
2024-11-06 17:12:35,199 [main] INFO 8th_June_CoverFox - Clicking on gender button
2024-11-06 17:12:36,525 [main] INFO 8th_June_CoverFox - Clicking on Next button
2024-11-06 17:12:39,279 [main] INFO 8th_June_CoverFox - Selecting age
2024-11-06 17:12:39,392 [main] INFO 8th_June_CoverFox - Clicking on next button
2024-11-06 17:12:40,808 [main] INFO 8th_June_CoverFox - Entering Pincode
2024-11-06 17:12:40,938 [main] INFO 8th_June_CoverFox - Entering mobile number
2024-11-06 17:12:41,055 [main] INFO 8th_June_CoverFox - Clicking on Continue button
2024-11-12 15:52:11,097 [main] INFO 8th_June_CoverFox - Opening application
2024-11-12 15:52:12,150 [main] INFO 8th_June_CoverFox - Clicking on gender button
2024-11-12 15:52:13,279 [main] INFO 8th_June_CoverFox - Clicking on Next button
2024-11-12 15:52:16,536 [main] INFO 8th_June_CoverFox - Selecting age
2024-11-12 15:52:16,637 [main] INFO 8th_June_CoverFox - Clicking on next button
2024-11-12 15:52:17,959 [main] INFO 8th_June_CoverFox - Entering Pincode
2024-11-12 15:52:18,110 [main] INFO 8th_June_CoverFox - Entering mobile number
2024-11-12 15:52:18,222 [main] INFO 8th_June_CoverFox - Clicking on Continue button
2024-11-13 10:17:53,927 [main] INFO 8th_June_CoverFox - Opening application
2024-11-13 10:17:55,078 [main] INFO 8th_June_CoverFox - Clicking on gender button
2024-11-13 10:17:56,182 [main] INFO 8th_June_CoverFox - Clicking on Next button
2024-11-13 10:17:58,877 [main] INFO 8th_June_CoverFox - Selecting age
2024-11-13 10:17:59,004 [main] INFO 8th_June_CoverFox - Clicking on next button
2024-11-13 10:18:00,227 [main] INFO 8th_June_CoverFox - Entering Pincode
2024-11-13 10:18:00,337 [main] INFO 8th_June_CoverFox - Entering mobile number
2024-11-13 10:18:00,436 [main] INFO 8th_June_CoverFox - Clicking on Continue button
2024-11-14 09:08:28,604 [main] INFO 8th_June_CoverFox - Opening application
2024-11-14 09:08:30,449 [main] INFO 8th_June_CoverFox - Clicking on gender button
2024-11-14 09:08:31,549 [main] INFO 8th_June_CoverFox - Clicking on Next button
2024-11-14 09:08:34,149 [main] INFO 8th_June_CoverFox - Selecting age
2024-11-14 09:08:34,285 [main] INFO 8th_June_CoverFox - Clicking on next button
2024-11-14 17:47:03,159 [main] INFO 8th_June_CoverFox - Opening application
2024-11-14 17:47:04,321 [main] INFO 8th_June_CoverFox - Clicking on gender button
2024-11-14 17:47:05,424 [main] INFO 8th_June_CoverFox - Clicking on Next button
2024-11-14 17:47:07,727 [main] INFO 8th_June_CoverFox - Selecting age
2024-11-14 17:47:07,848 [main] INFO 8th_June_CoverFox - Clicking on next button
2024-11-14 17:56:36,173 [main] INFO 8th_June_CoverFox - Opening application
2024-11-14 17:56:40,884 [main] INFO 8th_June_CoverFox - Clicking on gender button
2024-11-14 17:56:42,372 [main] INFO 8th_June_CoverFox - Clicking on Next button
2024-11-14 17:56:44,242 [main] INFO 8th_June_CoverFox - Selecting age
2024-11-14 17:56:44,323 [main] INFO 8th_June_CoverFox - Clicking on next button
2024-11-14 17:56:45,491 [main] INFO 8th_June_CoverFox - Entering Pincode
2024-11-14 17:56:45,613 [main] INFO 8th_June_CoverFox - Entering mobile number
2024-11-14 17:56:45,757 [main] INFO 8th_June_CoverFox - Clicking on Continue button
2024-11-19 09:53:37,621 [main] INFO 8th_June_CoverFox - Opening application
2024-11-19 09:53:38,725 [main] INFO 8th_June_CoverFox - Clicking on gender button
2024-11-19 09:53:39,848 [main] INFO 8th_June_CoverFox - Clicking on Next button
2024-11-19 09:53:42,355 [main] INFO 8th_June_CoverFox - Selecting age
2024-11-19 09:53:42,440 [main] INFO 8th_June_CoverFox - Clicking on next button
2024-11-19 09:53:43,565 [main] INFO 8th_June_CoverFox - Entering Pincode
2024-11-19 09:53:43,709 [main] INFO 8th_June_CoverFox - Entering mobile number
2024-11-19 09:53:43,828 [main] INFO 8th_June_CoverFox - Clicking on Continue button
2024-11-21 17:01:52,996 [main] INFO 8th_June_CoverFox - Opening application
2024-11-21 17:01:56,837 [main] INFO 8th_June_CoverFox - Clicking on gender button
2024-11-21 17:01:58,190 [main] INFO 8th_June_CoverFox - Clicking on Next button
2024-11-21 17:02:00,706 [main] INFO 8th_June_CoverFox - Selecting age
2024-11-21 17:02:00,854 [main] INFO 8th_June_CoverFox - Clicking on next button
2024-11-21 17:02:02,067 [main] INFO 8th_June_CoverFox - Entering Pincode
2024-11-21 17:02:02,269 [main] INFO 8th_June_CoverFox - Entering mobile number
2024-11-21 17:02:02,535 [main] INFO 8th_June_CoverFox - Clicking on Continue button
2024-11-22 09:30:53,181 [TestNG-tests-1] INFO 8th_June_CoverFox - Opening application
2024-11-22 09:30:53,176 [TestNG-tests-2] INFO 8th_June_CoverFox - Opening application
2024-11-22 09:30:54,906 [TestNG-tests-2] INFO 8th_June_CoverFox - Clicking on gender button
2024-11-22 09:30:56,371 [TestNG-tests-2] INFO 8th_June_CoverFox - Clicking on Next button
2024-11-22 09:31:02,238 [TestNG-tests-2] INFO 8th_June_CoverFox - Selecting age
2024-11-22 09:31:02,453 [TestNG-tests-2] INFO 8th_June_CoverFox - Clicking on next button
2024-11-22 09:31:04,206 [TestNG-tests-2] INFO 8th_June_CoverFox - Entering Pincode
2024-11-22 09:31:04,561 [TestNG-tests-2] INFO 8th_June_CoverFox - Entering mobile number
2024-11-22 09:31:04,996 [TestNG-tests-2] INFO 8th_June_CoverFox - Clicking on Continue button
2024-11-22 09:31:47,191 [TestNG-tests-1] INFO 8th_June_CoverFox - Opening application
2024-11-22 09:31:49,826 [TestNG-tests-1] INFO 8th_June_CoverFox - Clicking on gender button
2024-11-22 09:31:51,526 [TestNG-tests-1] INFO 8th_June_CoverFox - Clicking on Next button
2024-11-22 09:31:52,800 [TestNG-tests-2] INFO 8th_June_CoverFox - Opening application
2024-11-22 09:31:55,256 [TestNG-tests-2] INFO 8th_June_CoverFox - Clicking on gender button
2024-11-22 09:31:57,011 [TestNG-tests-2] INFO 8th_June_CoverFox - Clicking on Next button
2024-11-22 09:31:58,046 [TestNG-tests-1] INFO 8th_June_CoverFox - Selecting age
2024-11-22 09:31:58,225 [TestNG-tests-1] INFO 8th_June_CoverFox - Clicking on next button
2024-11-22 09:32:00,641 [TestNG-tests-1] INFO 8th_June_CoverFox - Entering Pincode
2024-11-22 09:32:00,817 [TestNG-tests-1] INFO 8th_June_CoverFox - Entering mobile number
2024-11-22 09:32:00,986 [TestNG-tests-1] INFO 8th_June_CoverFox - Clicking on Continue button
2024-11-22 09:32:02,099 [TestNG-tests-2] INFO 8th_June_CoverFox - Selecting age
2024-11-22 09:32:02,330 [TestNG-tests-2] INFO 8th_June_CoverFox - Clicking on next button
2024-11-22 09:32:03,562 [TestNG-tests-2] INFO 8th_June_CoverFox - Entering Pincode
2024-11-22 09:32:03,779 [TestNG-tests-2] INFO 8th_June_CoverFox - Entering mobile number
2024-11-22 09:32:04,000 [TestNG-tests-2] INFO 8th_June_CoverFox - Clicking on Continue button
2024-11-25 16:55:46,865 [main] INFO 8th_June_CoverFox - Opening application
2024-11-25 16:55:48,018 [main] INFO 8th_June_CoverFox - Clicking on gender button
2024-11-25 16:55:51,490 [main] INFO 8th_June_CoverFox - Clicking on Next button
2024-11-25 16:55:53,997 [main] INFO 8th_June_CoverFox - Selecting age
2024-11-25 16:55:54,156 [main] INFO 8th_June_CoverFox - Clicking on next button
2024-11-25 16:55:55,338 [main] INFO 8th_June_CoverFox - Entering Pincode
2024-11-25 16:55:55,488 [main] INFO 8th_June_CoverFox - Entering mobile number
2024-11-25 16:55:55,669 [main] INFO 8th_June_CoverFox - Clicking on Continue button
2024-11-25 17:08:08,041 [main] INFO 8th_June_CoverFox - Opening application
2024-11-25 17:08:09,182 [main] INFO 8th_June_CoverFox - Clicking on gender button
2024-11-25 17:08:10,799 [main] INFO 8th_June_CoverFox - Clicking on Next button
2024-11-25 17:08:12,880 [main] INFO 8th_June_CoverFox - Selecting age
2024-11-25 17:08:13,026 [main] INFO 8th_June_CoverFox - Clicking on next button
2024-11-25 17:08:14,334 [main] INFO 8th_June_CoverFox - Entering Pincode
2024-11-25 17:08:14,564 [main] INFO 8th_June_CoverFox - Entering mobile number
2024-11-25 17:08:14,795 [main] INFO 8th_June_CoverFox - Clicking on Continue button
2024-11-26 17:25:13,848 [main] INFO 8th_June_CoverFox - Opening application
2024-11-26 17:25:14,948 [main] INFO 8th_June_CoverFox - Clicking on gender button
2024-11-26 17:25:16,776 [main] INFO 8th_June_CoverFox - Clicking on Next button
2024-11-26 17:25:19,992 [main] INFO 8th_June_CoverFox - Selecting age
2024-11-26 17:25:20,272 [main] INFO 8th_June_CoverFox - Clicking on next button
2024-11-26 17:25:21,735 [main] INFO 8th_June_CoverFox - Entering Pincode
2024-11-26 17:25:21,919 [main] INFO 8th_June_CoverFox - Entering mobile number
2024-11-26 17:25:22,109 [main] INFO 8th_June_CoverFox - Clicking on Continue button
2024-12-09 16:14:19,245 [main] INFO 8th_June_CoverFox - Opening application
2024-12-09 16:14:20,453 [main] INFO 8th_June_CoverFox - Clicking on gender button
2024-12-09 16:14:22,420 [main] INFO 8th_June_CoverFox - Clicking on Next button
2024-12-09 16:14:24,513 [main] INFO 8th_June_CoverFox - Selecting age
2024-12-09 16:14:24,628 [main] INFO 8th_June_CoverFox - Clicking on next button
2024-12-09 16:14:25,920 [main] INFO 8th_June_CoverFox - Entering Pincode
2024-12-09 16:14:26,233 [main] INFO 8th_June_CoverFox - Entering mobile number
2024-12-09 16:14:26,459 [main] INFO 8th_June_CoverFox - Clicking on Continue button
2024-12-09 16:28:49,128 [main] INFO 8th_June_CoverFox - Opening application
2024-12-09 16:28:51,417 [main] INFO 8th_June_CoverFox - Clicking on gender button
2024-12-09 16:28:52,854 [main] INFO 8th_June_CoverFox - Clicking on Next button
2024-12-09 16:28:54,924 [main] INFO 8th_June_CoverFox - Selecting age
2024-12-09 16:28:55,041 [main] INFO 8th_June_CoverFox - Clicking on next button
2024-12-09 16:28:56,241 [main] INFO 8th_June_CoverFox - Entering Pincode
2024-12-09 16:28:56,488 [main] INFO 8th_June_CoverFox - Entering mobile number
2024-12-09 16:28:56,671 [main] INFO 8th_June_CoverFox - Clicking on Continue button
2025-01-24 21:54:54,019 [main] INFO 8th_June_CoverFox - Opening application
2025-01-24 21:54:56,058 [main] INFO 8th_June_CoverFox - Clicking on gender button
2025-01-24 21:54:57,517 [main] INFO 8th_June_CoverFox - Clicking on Next button
2025-01-24 21:55:00,254 [main] INFO 8th_June_CoverFox - Selecting age
2025-01-24 21:55:00,438 [main] INFO 8th_June_CoverFox - Clicking on next button
2025-01-24 21:55:01,598 [main] INFO 8th_June_CoverFox - Entering Pincode
2025-01-24 21:55:01,750 [main] INFO 8th_June_CoverFox - Entering mobile number
2025-01-24 21:55:01,891 [main] INFO 8th_June_CoverFox - Clicking on Continue button
2025-01-24 21:55:41,471 [main] INFO 8th_June_CoverFox - Opening application
2025-01-24 21:55:46,277 [main] INFO 8th_June_CoverFox - Clicking on gender button
2025-01-24 21:55:48,726 [main] INFO 8th_June_CoverFox - Clicking on Next button
2025-01-24 21:55:50,868 [main] INFO 8th_June_CoverFox - Selecting age
2025-01-24 21:55:51,034 [main] INFO 8th_June_CoverFox - Clicking on next button
2025-01-24 21:55:52,348 [main] INFO 8th_June_CoverFox - Entering Pincode
2025-01-24 21:55:52,557 [main] INFO 8th_June_CoverFox - Entering mobile number
2025-01-24 21:55:52,726 [main] INFO 8th_June_CoverFox - Clicking on Continue button
2025-01-24 22:46:16,262 [main] INFO 8th_June_CoverFox - Opening application
2025-01-24 22:46:17,518 [main] INFO 8th_June_CoverFox - Clicking on gender button
2025-01-24 22:46:18,653 [main] INFO 8th_June_CoverFox - Clicking on Next button
2025-01-24 22:46:21,638 [main] INFO 8th_June_CoverFox - Selecting age
2025-01-24 22:46:21,866 [main] INFO 8th_June_CoverFox - Clicking on next button
2025-01-24 22:46:23,041 [main] INFO 8th_June_CoverFox - Entering Pincode
2025-01-24 22:46:23,183 [main] INFO 8th_June_CoverFox - Entering mobile number
2025-01-24 22:46:23,332 [main] INFO 8th_June_CoverFox - Clicking on Continue button
2025-01-24 22:48:41,701 [main] INFO 8th_June_CoverFox - Opening application
2025-01-24 22:48:43,379 [main] INFO 8th_June_CoverFox - Clicking on gender button
2025-01-24 22:48:47,099 [main] INFO 8th_June_CoverFox - Clicking on Next button
2025-01-24 22:48:49,457 [main] INFO 8th_June_CoverFox - Selecting age
2025-01-24 22:48:49,605 [main] INFO 8th_June_CoverFox - Clicking on next button
2025-01-24 22:48:51,215 [main] INFO 8th_June_CoverFox - Entering Pincode
2025-01-24 22:48:51,532 [main] INFO 8th_June_CoverFox - Entering mobile number
2025-01-24 22:48:51,938 [main] INFO 8th_June_CoverFox - Clicking on Continue button
2025-01-27 13:20:10,329 [main] INFO 8th_June_CoverFox - Opening application
2025-01-27 13:20:13,758 [main] INFO 8th_June_CoverFox - Clicking on gender button
2025-01-27 13:20:16,324 [main] INFO 8th_June_CoverFox - Clicking on Next button
2025-01-27 13:20:18,209 [main] INFO 8th_June_CoverFox - Selecting age
2025-01-27 13:20:18,588 [main] INFO 8th_June_CoverFox - Clicking on next button
2025-01-27 13:20:19,785 [main] INFO 8th_June_CoverFox - Entering Pincode
2025-01-27 13:20:19,910 [main] INFO 8th_June_CoverFox - Entering mobile number
2025-01-27 13:20:20,083 [main] INFO 8th_June_CoverFox - Clicking on Continue button
2025-01-31 15:53:00,254 [main] INFO 8th_June_CoverFox - Opening application
2025-01-31 15:53:06,629 [main] INFO 8th_June_CoverFox - Clicking on gender button
2025-01-31 15:53:09,335 [main] INFO 8th_June_CoverFox - Clicking on Next button
2025-01-31 15:53:11,919 [main] INFO 8th_June_CoverFox - Selecting age
2025-01-31 15:53:12,114 [main] INFO 8th_June_CoverFox - Clicking on next button
2025-01-31 15:53:13,454 [main] INFO 8th_June_CoverFox - Entering Pincode
2025-01-31 15:53:13,613 [main] INFO 8th_June_CoverFox - Entering mobile number
2025-01-31 15:53:13,900 [main] INFO 8th_June_CoverFox - Clicking on Continue button
